[debug] [2023-06-26T13:17:42.599Z] ----------------------------------------------------------------------
[debug] [2023-06-26T13:17:42.601Z] Command:       C:\Program Files\nodejs\node.exe C:\Users\Ruan\AppData\Roaming\npm\node_modules\firebase-tools\lib\bin\firebase.js init hosting
[debug] [2023-06-26T13:17:42.601Z] CLI Version:   12.4.0
[debug] [2023-06-26T13:17:42.601Z] Platform:      win32
[debug] [2023-06-26T13:17:42.601Z] Node Version:  v18.16.0
[debug] [2023-06-26T13:17:42.602Z] Time:          Mon Jun 26 2023 10:17:42 GMT-0300 (Horário Padrão de Brasília)
[debug] [2023-06-26T13:17:42.602Z] ----------------------------------------------------------------------
[debug] 
[debug] [2023-06-26T13:17:42.608Z] > command requires scopes: ["email","openid","https://www.googleapis.com/auth/cloudplatformprojects.readonly","https://www.googleapis.com/auth/firebase","https://www.googleapis.com/auth/cloud-platform"]
[debug] [2023-06-26T13:17:42.609Z] > authorizing via signed-in user (ruanchristian00@gmail.com)
[info] 
     ######## #### ########  ######## ########     ###     ######  ########
     ##        ##  ##     ## ##       ##     ##  ##   ##  ##       ##
     ######    ##  ########  ######   ########  #########  ######  ######
     ##        ##  ##    ##  ##       ##     ## ##     ##       ## ##
     ##       #### ##     ## ######## ########  ##     ##  ######  ########

You're about to initialize a Firebase project in this directory:

  C:\Users\Ruan\OneDrive\Área de Trabalho\DeViagem\server

[info] 
=== Project Setup
[info] 
[info] First, let's associate this project directory with a Firebase project.
[info] You can create multiple project aliases by running firebase use --add, 
[info] but for now we'll just set up a default project.
[info] 
[debug] [2023-06-26T13:17:50.970Z] >>> [apiv2][query] GET https://firebase.googleapis.com/v1beta1/projects pageSize=100
[debug] [2023-06-26T13:17:51.809Z] <<< [apiv2][status] GET https://firebase.googleapis.com/v1beta1/projects 200
[debug] [2023-06-26T13:17:51.810Z] <<< [apiv2][body] GET https://firebase.googleapis.com/v1beta1/projects [omitted]
[info] i  Using project deviagem-94374 (deviagem) 
[info] 
=== Hosting Setup
[info] 
[info] Your public directory is the folder (relative to your project directory) that
[info] will contain Hosting assets to be uploaded with firebase deploy. If you
[info] have a build process for your assets, use your build's output directory.
[info] 
[info] +  Wrote public/404.html 
[debug] [2023-06-26T13:18:10.613Z] >>> [apiv2][query] GET https://www.gstatic.com/firebasejs/releases.json [none]
[debug] [2023-06-26T13:18:10.857Z] <<< [apiv2][status] GET https://www.gstatic.com/firebasejs/releases.json 200
[debug] [2023-06-26T13:18:10.857Z] <<< [apiv2][body] GET https://www.gstatic.com/firebasejs/releases.json {"current":{"version":"9.23.0","browserURL":"https://www.gstatic.com/firebasejs/9.23.0/firebase.js","packageURL":"https://www.gstatic.com/firebasejs/9.23.0/firebase.tgz"},"live":{"version":"9.23","browserURL":"https://www.gstatic.com/firebasejs/live/9.23/firebase.js","packageURL":"https://www.gstatic.com/firebasejs/live/9.23/firebase.tgz"},"components":{"analytics":"https://www.gstatic.com/firebasejs/9.23.0/firebase-analytics.js","app":"https://www.gstatic.com/firebasejs/9.23.0/firebase-app.js","app-check":"https://www.gstatic.com/firebasejs/9.23.0/firebase-app-check.js","auth":"https://www.gstatic.com/firebasejs/9.23.0/firebase-auth.js","auth/cordova":"https://www.gstatic.com/firebasejs/9.23.0/firebase-auth/cordova.js","auth/react-native":"https://www.gstatic.com/firebasejs/9.23.0/firebase-auth/react-native.js","functions":"https://www.gstatic.com/firebasejs/9.23.0/firebase-functions.js","firestore":"https://www.gstatic.com/firebasejs/9.23.0/firebase-firestore.js","firestore/lite":"https://www.gstatic.com/firebasejs/9.23.0/firebase-firestore/lite.js","installations":"https://www.gstatic.com/firebasejs/9.23.0/firebase-installations.js","storage":"https://www.gstatic.com/firebasejs/9.23.0/firebase-storage.js","performance":"https://www.gstatic.com/firebasejs/9.23.0/firebase-performance.js","remote-config":"https://www.gstatic.com/firebasejs/9.23.0/firebase-remote-config.js","messaging":"https://www.gstatic.com/firebasejs/9.23.0/firebase-messaging.js","messaging/sw":"https://www.gstatic.com/firebasejs/9.23.0/firebase-messaging/sw.js","database":"https://www.gstatic.com/firebasejs/9.23.0/firebase-database.js","firestore.memory":"https://www.gstatic.com/firebasejs/9.23.0/firebase-firestore.memory.js"}}
[info] +  Wrote public/index.html 
[info] 
[info] i  Detected a .git folder at C:\Users\Ruan\OneDrive\Área de Trabalho\DeViagem 
[info] i  Authorizing with GitHub to upload your service account to a GitHub repository's secrets store. 
[info] 
[info] Visit this URL on this device to log in:
[info] https://github.com/login/oauth/authorize?client_id=89cf50f02ac6aaed3484&state=805014933&redirect_uri=http%3A%2F%2Flocalhost%3A9005&scope=read%3Auser%20repo%20public_repo
[info] 
[info] Waiting for authentication...
[debug] [2023-06-26T13:18:20.648Z] >>> [apiv2][query] POST https://github.com/login/oauth/access_token [none]
[debug] [2023-06-26T13:18:20.648Z] >>> [apiv2][body] POST https://github.com/login/oauth/access_token [stream]
[debug] [2023-06-26T13:18:21.030Z] <<< [apiv2][status] POST https://github.com/login/oauth/access_token 200
[debug] [2023-06-26T13:18:21.031Z] <<< [apiv2][body] POST https://github.com/login/oauth/access_token {"access_token":"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","token_type":"bearer","scope":"read:user,repo"}
[debug] [2023-06-26T13:18:21.045Z] >>> [apiv2][query] GET https://api.github.com/user [none]
[debug] [2023-06-26T13:18:21.514Z] <<< [apiv2][status] GET https://api.github.com/user 200
[debug] [2023-06-26T13:18:21.514Z] <<< [apiv2][body] GET https://api.github.com/user {"login":"RuanSantos01","id":58336560,"node_id":"MDQ6VXNlcjU4MzM2NTYw","avatar_url":"https://avatars.githubusercontent.com/u/58336560?v=4","gravatar_id":"","url":"https://api.github.com/users/RuanSantos01","html_url":"https://github.com/RuanSantos01","followers_url":"https://api.github.com/users/RuanSantos01/followers","following_url":"https://api.github.com/users/RuanSantos01/following{/other_user}","gists_url":"https://api.github.com/users/RuanSantos01/gists{/gist_id}","starred_url":"https://api.github.com/users/RuanSantos01/starred{/owner}{/repo}","subscriptions_url":"https://api.github.com/users/RuanSantos01/subscriptions","organizations_url":"https://api.github.com/users/RuanSantos01/orgs","repos_url":"https://api.github.com/users/RuanSantos01/repos","events_url":"https://api.github.com/users/RuanSantos01/events{/privacy}","received_events_url":"https://api.github.com/users/RuanSantos01/received_events","type":"User","site_admin":false,"name":"Ruan Christian","company":null,"blog":"","location":null,"email":null,"hireable":null,"bio":"Entusiasta por tecnologia e apaixonado em desenvolvimento.","twitter_username":null,"public_repos":8,"public_gists":0,"followers":7,"following":7,"created_at":"2019-11-29T14:37:04Z","updated_at":"2023-06-20T21:56:29Z","private_gists":0,"total_private_repos":1,"owned_private_repos":1,"disk_usage":113225,"collaborators":0,"two_factor_authentication":false,"plan":{"name":"free","space":976562499,"collaborators":0,"private_repos":10000}}
[info] 
[info] +  Success! Logged into GitHub as RuanSantos01 
[info] 
[debug] [2023-06-26T13:18:25.479Z] >>> [apiv2][query] GET https://api.github.com/repos//actions/secrets/public-key type=owner
[debug] [2023-06-26T13:18:25.857Z] <<< [apiv2][status] GET https://api.github.com/repos//actions/secrets/public-key 404
[debug] [2023-06-26T13:18:25.857Z] <<< [apiv2][body] GET https://api.github.com/repos//actions/secrets/public-key {"message":"Not Found","documentation_url":"https://docs.github.com/rest"}
[info] 
[info] 
[error] !  The provided authorization cannot be used with this repository. If this repository is in an organization, did you remember to grant access? 
[info] 
[info] i  Action required: Visit this URL to ensure access has been granted to the appropriate organization(s) for the Firebase CLI GitHub OAuth App: 
[info] https://github.com/settings/connections/applications/89cf50f02ac6aaed3484
[info] 
[debug] [2023-06-26T13:18:28.871Z] >>> [apiv2][query] GET https://api.github.com/repos//actions/secrets/public-key type=owner
[debug] [2023-06-26T13:18:29.180Z] <<< [apiv2][status] GET https://api.github.com/repos//actions/secrets/public-key 404
[debug] [2023-06-26T13:18:29.180Z] <<< [apiv2][body] GET https://api.github.com/repos//actions/secrets/public-key {"message":"Not Found","documentation_url":"https://docs.github.com/rest"}
[info] 
[info] 
[error] !  The provided authorization cannot be used with this repository. If this repository is in an organization, did you remember to grant access? 
[info] 
[info] i  Action required: Visit this URL to ensure access has been granted to the appropriate organization(s) for the Firebase CLI GitHub OAuth App: 
[info] https://github.com/settings/connections/applications/89cf50f02ac6aaed3484
[info] 
